Unknown:
D:\MLWorks\cst_soo\projects\best\Result\2024061315474358.log
D:\MLWorks\cst_soo\projects\best\Result\2024061315474358.xyz
D:\MLWorks\cst_soo\projects\best\Result\2024061315474535.log
D:\MLWorks\cst_soo\projects\best\Result\2024061315474535.xyz
D:\MLWorks\cst_soo\projects\best\Result\2024061315474548.log
D:\MLWorks\cst_soo\projects\best\Result\2024061315474682.log
D:\MLWorks\cst_soo\projects\best\Result\2024061315474682.xyz
D:\MLWorks\cst_soo\projects\best\Result\2024061315474690.log
D:\MLWorks\cst_soo\projects\best\Result\2024061316013275.log
D:\MLWorks\cst_soo\projects\best\Result\2024061316013275.xyz
D:\MLWorks\cst_soo\projects\best\Result\202406141054520.log
D:\MLWorks\cst_soo\projects\best\Result\Model.log
D:\MLWorks\cst_soo\projects\best\Result\Model.mlg
D:\MLWorks\cst_soo\projects\best\Result\Model.qfr
D:\MLWorks\cst_soo\projects\best\Result\Model.sa
D:\MLWorks\cst_soo\projects\best\Result\Postprocessing.log
Mesh:
D:\MLWorks\cst_soo\projects\best\Result\3do.slim
D:\MLWorks\cst_soo\projects\best\Result\bad0.tet
D:\MLWorks\cst_soo\projects\best\Result\CellNameTo_ML_BGIDMap.tet
D:\MLWorks\cst_soo\projects\best\Result\Entities2Mesh.tet
D:\MLWorks\cst_soo\projects\best\Result\log.tet
D:\MLWorks\cst_soo\projects\best\Result\meshprops.tet
D:\MLWorks\cst_soo\projects\best\Result\mir.tet
D:\MLWorks\cst_soo\projects\best\Result\ML_BGID_To_ZStart_Map.tet
D:\MLWorks\cst_soo\projects\best\Result\moegeom.tet
D:\MLWorks\cst_soo\projects\best\Result\refedges.tet
D:\MLWorks\cst_soo\projects\best\Result\refinementparents.tet
D:\MLWorks\cst_soo\projects\best\Result\reftags.tet
D:\MLWorks\cst_soo\projects\best\Result\tetquality.tet
D:\MLWorks\cst_soo\projects\best\Result\topot.tet
Port:
