02/Jun/2025 12:47:42  Number of threads used: 8.
                      
                      ------------------------------------------------------------------------------
02/Jun/2025 12:47:42  Solver started at: 12:47 PM Monday, 02. June 2025 (中国标准时间)
                      
                        Module:  Eigenmodes (Win 64)
                        Version: 2020.0 Release from 2019-09-25 (change 724524)
                      
                      ------------------------------------------------------------------------------
02/Jun/2025 12:47:42  Units settings: 
                      
                        Dimensions: mm
                        Frequency:  GHz
                        Time:       ns
                      
                      ------------------------------------------------------------------------------
02/Jun/2025 12:47:42  Boundary conditions: 
                      
                        YZsymmetry: magnetic
                        XZsymmetry: magnetic
                        XYsymmetry: none
                      
                        Xmin: magnetic
                        Xmax: electric
                      
                        Ymin: magnetic
                        Ymax: electric
                      
                        Zmin: periodic
                        Zmax: periodic
                      
                      ------------------------------------------------------------------------------
02/Jun/2025 12:47:42  Eigenmode solver settings:
                      
                        Mesh: Tetrahedral
                        Method: Default
                        Desired accuracy: 1e-06
                        Number of modes: 1
                        Consider losses: no (perturbation method)
                        Solver order: 2nd (constant)
                        Curved elements: up to order 2 (user defined)
                      
                      ------------------------------------------------------------------------------
02/Jun/2025 12:47:42  Estimation frequency: 5.65 GHz
                      
                      ------------------------------------------------------------------------------
02/Jun/2025 12:47:42  Adaptive Computation
                      
                      ------------------------------------------------------------------------------
02/Jun/2025 12:47:42  Pass 1: 
                      
                      ------------------------------------------------------------------------------
02/Jun/2025 12:47:43  Eigenmode solver results:
                      
                      ------------------------------------------------------------------------------
02/Jun/2025 12:47:43    Mode		Frequency			Accuracy	
02/Jun/2025 12:47:43      1 		5.66186140500 GHz		1.794e-08
02/Jun/2025 12:47:43  ------------------------------------------------------------------------------
                      
                      
                      ------------------------------------------------------------------------------
02/Jun/2025 12:47:44  Refinement successful
02/Jun/2025 12:47:44  Pass 2: 
                      
                      ------------------------------------------------------------------------------
02/Jun/2025 12:47:45  Eigenmode solver results:
                      
                      ------------------------------------------------------------------------------
02/Jun/2025 12:47:45    Mode		Frequency			Accuracy	
02/Jun/2025 12:47:45      1 		5.67342097502 GHz		1.306e-07
02/Jun/2025 12:47:45  ------------------------------------------------------------------------------
                      
                      
                      ------------------------------------------------------------------------------
02/Jun/2025 12:47:45  
                      
                      Solver Statistics:
                      
                        ----------------------------------------------------------------------------
                                            Peak memory used (kB)         Free physical memory (kB) 
                                                                          At begin     Minimum      
                        ----------------------------------------------------------------------------
                        Solver start        15648                         1110580      1110580      
                        Sol.eigenm.probl.   176880                        1094064      1054604      
                        Solver run total    176880                        1110440      1056408      
                      
                        Computer name       LongOfficePC
                        ----------------------------------------------------------------------------
                      
                        Mesh generation time     :	2 s
                        Solver time              :	2 s
                          Solve eigenmode problem:	1 s
                      
                        Total time               :	4 s
                      
                      
                      ------------------------------------------------------------------------------
