09/Dec/2024 11:03:58  Number of threads used: 8.
                      
                      ------------------------------------------------------------------------------
09/Dec/2024 11:03:58  Solver started at: 11:03 AM Monday, 09. December 2024 (中国标准时间)
                      
                        Module:  Eigenmodes (Win 64)
                        Version: 2020.0 Release from 2019-09-25 (change 724524)
                      
                      ------------------------------------------------------------------------------
09/Dec/2024 11:03:58  Units settings: 
                      
                        Dimensions: mm
                        Frequency:  GHz
                        Time:       ns
                      
                      ------------------------------------------------------------------------------
09/Dec/2024 11:03:58  Boundary conditions: 
                      
                        YZsymmetry: magnetic
                        XZsymmetry: magnetic
                        XYsymmetry: none
                      
                        Xmin: magnetic
                        Xmax: electric
                      
                        Ymin: magnetic
                        Ymax: electric
                      
                        Zmin: periodic
                        Zmax: periodic
                      
                      ------------------------------------------------------------------------------
09/Dec/2024 11:03:58  Eigenmode solver settings:
                      
                        Mesh: Tetrahedral
                        Method: Default
                        Desired accuracy: 1e-06
                        Number of modes: 1
                        Consider losses: no (perturbation method)
                        Solver order: 2nd (constant)
                        Curved elements: up to order 2 (user defined)
                      
                      ------------------------------------------------------------------------------
09/Dec/2024 11:03:58  Estimation frequency: 5.65 GHz
                      
                      ------------------------------------------------------------------------------
09/Dec/2024 11:03:58  Adaptive Computation
                      
                      ------------------------------------------------------------------------------
09/Dec/2024 11:03:58  Pass 1: 
                      
                      ------------------------------------------------------------------------------
09/Dec/2024 11:03:58  Eigenmode solver results:
                      
                      ------------------------------------------------------------------------------
09/Dec/2024 11:03:58    Mode		Frequency			Accuracy	
09/Dec/2024 11:03:58      1 		5.71548213526 GHz		2.821e-07
09/Dec/2024 11:03:58  ------------------------------------------------------------------------------
                      
                      
                      ------------------------------------------------------------------------------
09/Dec/2024 11:03:59  Refinement successful
09/Dec/2024 11:03:59  Pass 2: 
                      
                      ------------------------------------------------------------------------------
09/Dec/2024 11:04:00  Eigenmode solver results:
                      
                      ------------------------------------------------------------------------------
09/Dec/2024 11:04:00    Mode		Frequency			Accuracy	
09/Dec/2024 11:04:00      1 		5.71823639101 GHz		2.374e-08
09/Dec/2024 11:04:00  ------------------------------------------------------------------------------
                      
                      
                      ------------------------------------------------------------------------------
09/Dec/2024 11:04:00  
                      
                      Solver Statistics:
                      
                        ----------------------------------------------------------------------------
                                            Peak memory used (kB)         Free physical memory (kB) 
                                                                          At begin     Minimum      
                        ----------------------------------------------------------------------------
                        Solver start        16136                         17098736     17098692     
                        Sol.eigenm.probl.   176584                        17078876     17039840     
                        Solver run total    176584                        17098192     17053440     
                      
                        Computer name       DESKTOP-5PSFLHA
                        ----------------------------------------------------------------------------
                      
                        Mesh generation time     :	1 s
                        Solver time              :	2 s
                          Solve eigenmode problem:	0 s
                      
                        Total time               :	3 s
                      
                      
                      ------------------------------------------------------------------------------
