Unknown:
C:\Users\long\Documents\ml_codes\cst_opt_algorithm\tmp\tmp4w5tjjdd\Result\202506021247190.log
C:\Users\long\Documents\ml_codes\cst_opt_algorithm\tmp\tmp4w5tjjdd\Result\202506021247190.xyz
C:\Users\long\Documents\ml_codes\cst_opt_algorithm\tmp\tmp4w5tjjdd\Result\2025060212472056.log
C:\Users\long\Documents\ml_codes\cst_opt_algorithm\tmp\tmp4w5tjjdd\Result\2025060212472119.log
C:\Users\long\Documents\ml_codes\cst_opt_algorithm\tmp\tmp4w5tjjdd\Result\2025060212472119.xyz
C:\Users\long\Documents\ml_codes\cst_opt_algorithm\tmp\tmp4w5tjjdd\Result\2025060212472281.log
C:\Users\long\Documents\ml_codes\cst_opt_algorithm\tmp\tmp4w5tjjdd\Result\Model.log
C:\Users\long\Documents\ml_codes\cst_opt_algorithm\tmp\tmp4w5tjjdd\Result\Model.mlg
C:\Users\long\Documents\ml_codes\cst_opt_algorithm\tmp\tmp4w5tjjdd\Result\Model.qfr
C:\Users\long\Documents\ml_codes\cst_opt_algorithm\tmp\tmp4w5tjjdd\Result\Model.sa
C:\Users\long\Documents\ml_codes\cst_opt_algorithm\tmp\tmp4w5tjjdd\Result\Postprocessing.log
C:\Users\long\Documents\ml_codes\cst_opt_algorithm\tmp\tmp4w5tjjdd\Result\progress.log
Mesh:
C:\Users\long\Documents\ml_codes\cst_opt_algorithm\tmp\tmp4w5tjjdd\Result\3do.slim
C:\Users\long\Documents\ml_codes\cst_opt_algorithm\tmp\tmp4w5tjjdd\Result\CellNameTo_ML_BGIDMap.tet
C:\Users\long\Documents\ml_codes\cst_opt_algorithm\tmp\tmp4w5tjjdd\Result\Entities2Mesh.tet
C:\Users\long\Documents\ml_codes\cst_opt_algorithm\tmp\tmp4w5tjjdd\Result\log.tet
C:\Users\long\Documents\ml_codes\cst_opt_algorithm\tmp\tmp4w5tjjdd\Result\meshprops.tet
C:\Users\long\Documents\ml_codes\cst_opt_algorithm\tmp\tmp4w5tjjdd\Result\mir.tet
C:\Users\long\Documents\ml_codes\cst_opt_algorithm\tmp\tmp4w5tjjdd\Result\ML_BGID_To_ZStart_Map.tet
C:\Users\long\Documents\ml_codes\cst_opt_algorithm\tmp\tmp4w5tjjdd\Result\moegeom.tet
C:\Users\long\Documents\ml_codes\cst_opt_algorithm\tmp\tmp4w5tjjdd\Result\refedges.tet
C:\Users\long\Documents\ml_codes\cst_opt_algorithm\tmp\tmp4w5tjjdd\Result\refinementparents.tet
C:\Users\long\Documents\ml_codes\cst_opt_algorithm\tmp\tmp4w5tjjdd\Result\reftags.tet
C:\Users\long\Documents\ml_codes\cst_opt_algorithm\tmp\tmp4w5tjjdd\Result\tetquality.tet
C:\Users\long\Documents\ml_codes\cst_opt_algorithm\tmp\tmp4w5tjjdd\Result\topot.tet
Port:
