Unknown:
D:\MLWorks\cst_opt_algorithm\tmp\tmps12qzq2w\Result\202412091103370.log
D:\MLWorks\cst_opt_algorithm\tmp\tmps12qzq2w\Result\202412091103370.xyz
D:\MLWorks\cst_opt_algorithm\tmp\tmps12qzq2w\Result\2024120911033819.log
D:\MLWorks\cst_opt_algorithm\tmp\tmps12qzq2w\Result\2024120911033819.xyz
D:\MLWorks\cst_opt_algorithm\tmp\tmps12qzq2w\Result\2024120911033856.log
D:\MLWorks\cst_opt_algorithm\tmp\tmps12qzq2w\Result\2024120911033981.log
D:\MLWorks\cst_opt_algorithm\tmp\tmps12qzq2w\Result\Model.log
D:\MLWorks\cst_opt_algorithm\tmp\tmps12qzq2w\Result\Model.mlg
D:\MLWorks\cst_opt_algorithm\tmp\tmps12qzq2w\Result\Model.qfr
D:\MLWorks\cst_opt_algorithm\tmp\tmps12qzq2w\Result\Model.sa
D:\MLWorks\cst_opt_algorithm\tmp\tmps12qzq2w\Result\Postprocessing.log
D:\MLWorks\cst_opt_algorithm\tmp\tmps12qzq2w\Result\progress.log
Mesh:
D:\MLWorks\cst_opt_algorithm\tmp\tmps12qzq2w\Result\3do.slim
D:\MLWorks\cst_opt_algorithm\tmp\tmps12qzq2w\Result\bad0.tet
D:\MLWorks\cst_opt_algorithm\tmp\tmps12qzq2w\Result\CellNameTo_ML_BGIDMap.tet
D:\MLWorks\cst_opt_algorithm\tmp\tmps12qzq2w\Result\Entities2Mesh.tet
D:\MLWorks\cst_opt_algorithm\tmp\tmps12qzq2w\Result\log.tet
D:\MLWorks\cst_opt_algorithm\tmp\tmps12qzq2w\Result\meshprops.tet
D:\MLWorks\cst_opt_algorithm\tmp\tmps12qzq2w\Result\mir.tet
D:\MLWorks\cst_opt_algorithm\tmp\tmps12qzq2w\Result\ML_BGID_To_ZStart_Map.tet
D:\MLWorks\cst_opt_algorithm\tmp\tmps12qzq2w\Result\moegeom.tet
D:\MLWorks\cst_opt_algorithm\tmp\tmps12qzq2w\Result\refedges.tet
D:\MLWorks\cst_opt_algorithm\tmp\tmps12qzq2w\Result\refinementparents.tet
D:\MLWorks\cst_opt_algorithm\tmp\tmps12qzq2w\Result\reftags.tet
D:\MLWorks\cst_opt_algorithm\tmp\tmps12qzq2w\Result\tetquality.tet
D:\MLWorks\cst_opt_algorithm\tmp\tmps12qzq2w\Result\topot.tet
Port:
