14/Jun/2024 10:56:34  Number of threads used: 8.
                      
                      ------------------------------------------------------------------------------
14/Jun/2024 10:56:34  Solver started at: 10:56 AM Friday, 14. June 2024 (中国标准时间)
                      
                        Module:  Eigenmodes (Win 64)
                        Version: 2020.0 Release from 2019-09-25 (change 724524)
                      
                      ------------------------------------------------------------------------------
14/Jun/2024 10:56:34  Units settings: 
                      
                        Dimensions: mm
                        Frequency:  GHz
                        Time:       ns
                      
                      ------------------------------------------------------------------------------
14/Jun/2024 10:56:34  Boundary conditions: 
                      
                        YZsymmetry: magnetic
                        XZsymmetry: magnetic
                        XYsymmetry: none
                      
                        Xmin: magnetic
                        Xmax: electric
                      
                        Ymin: magnetic
                        Ymax: electric
                      
                        Zmin: periodic
                        Zmax: periodic
                      
                      ------------------------------------------------------------------------------
14/Jun/2024 10:56:34  Eigenmode solver settings:
                      
                        Mesh: Tetrahedral
                        Method: Default
                        Desired accuracy: 1e-06
                        Number of modes: 1
                        Consider losses: no (perturbation method)
                        Solver order: 2nd (constant)
                        Curved elements: up to order 2 (user defined)
                      
                      ------------------------------------------------------------------------------
14/Jun/2024 10:56:34  Estimation frequency: 5.65 GHz
                      
                      ------------------------------------------------------------------------------
14/Jun/2024 10:56:34  Adaptive Computation
                      
                      ------------------------------------------------------------------------------
14/Jun/2024 10:56:34  Pass 1: 
                      
                      ------------------------------------------------------------------------------
14/Jun/2024 10:56:35  Eigenmode solver results:
                      
                      ------------------------------------------------------------------------------
14/Jun/2024 10:56:35    Mode		Frequency			Accuracy	
14/Jun/2024 10:56:35      1 		5.71359878178 GHz		1.885e-08
14/Jun/2024 10:56:35  ------------------------------------------------------------------------------
                      
                      
                      ------------------------------------------------------------------------------
14/Jun/2024 10:56:36  Refinement successful
14/Jun/2024 10:56:36  Pass 2: 
                      
                      ------------------------------------------------------------------------------
14/Jun/2024 10:56:37  Eigenmode solver results:
                      
                      ------------------------------------------------------------------------------
14/Jun/2024 10:56:37    Mode		Frequency			Accuracy	
14/Jun/2024 10:56:37      1 		5.71665834054 GHz		1.063e-07
14/Jun/2024 10:56:37  ------------------------------------------------------------------------------
                      
                      
                      ------------------------------------------------------------------------------
14/Jun/2024 10:56:37  
                      
                      Solver Statistics:
                      
                        ----------------------------------------------------------------------------
                                            Peak memory used (kB)         Free physical memory (kB) 
                                                                          At begin     Minimum      
                        ----------------------------------------------------------------------------
                        Solver start        15380                         20527140     20527140     
                        Sol.eigenm.probl.   179632                        20501396     20358680     
                        Solver run total    179632                        20527660     20358680     
                      
                        Computer name       DESKTOP-5PSFLHA
                        ----------------------------------------------------------------------------
                      
                        Mesh generation time     :	4 s
                        Solver time              :	3 s
                          Solve eigenmode problem:	1 s
                      
                        Total time               :	7 s
                      
                      
                      ------------------------------------------------------------------------------
