07/Apr/2024 21:15:47  Number of threads used: 12.
                      
                      ------------------------------------------------------------------------------
07/Apr/2024 21:15:47  Solver started at: 09:15 PM Sunday, 07. April 2024 (China Standard Time)
                      
                        Module:  Eigenmodes (Win 64)
                        Version: 2020.0 Release from 2019-09-25 (change 724524)
                      
                      ------------------------------------------------------------------------------
07/Apr/2024 21:15:47  Units settings: 
                      
                        Dimensions: mm
                        Frequency:  GHz
                        Time:       ns
                      
                      ------------------------------------------------------------------------------
07/Apr/2024 21:15:47  Boundary conditions: 
                      
                        YZsymmetry: magnetic
                        XZsymmetry: magnetic
                        XYsymmetry: none
                      
                        Xmin: magnetic
                        Xmax: electric
                      
                        Ymin: magnetic
                        Ymax: electric
                      
                        Zmin: periodic
                        Zmax: periodic
                      
                      ------------------------------------------------------------------------------
07/Apr/2024 21:15:47  Eigenmode solver settings:
                      
                        Mesh: Tetrahedral
                        Method: Default
                        Desired accuracy: 1e-06
                        Number of modes: 1
                        Consider losses: no (perturbation method)
                        Solver order: 2nd (constant)
                        Curved elements: up to order 2 (user defined)
                      
                      ------------------------------------------------------------------------------
07/Apr/2024 21:15:47  Estimation frequency: 5.65 GHz
                      
                      ------------------------------------------------------------------------------
07/Apr/2024 21:15:47  Adaptive Computation
                      
                      ------------------------------------------------------------------------------
07/Apr/2024 21:15:47  Pass 1: 
                      
                      ------------------------------------------------------------------------------
07/Apr/2024 21:15:48  Eigenmode solver results:
                      
                      ------------------------------------------------------------------------------
07/Apr/2024 21:15:48    Mode		Frequency			Accuracy	
07/Apr/2024 21:15:48      1 		5.71359878178 GHz		1.885e-08
07/Apr/2024 21:15:48  ------------------------------------------------------------------------------
                      
                      
                      ------------------------------------------------------------------------------
07/Apr/2024 21:15:49  Refinement successful
07/Apr/2024 21:15:49  Pass 2: 
                      
                      ------------------------------------------------------------------------------
07/Apr/2024 21:15:51  Eigenmode solver results:
                      
                      ------------------------------------------------------------------------------
07/Apr/2024 21:15:51    Mode		Frequency			Accuracy	
07/Apr/2024 21:15:51      1 		5.71665834054 GHz		1.063e-07
07/Apr/2024 21:15:51  ------------------------------------------------------------------------------
                      
                      
                      ------------------------------------------------------------------------------
07/Apr/2024 21:15:51  
                      
                      Solver Statistics:
                      
                        ----------------------------------------------------------------------------
                                            Peak memory used (kB)         Free physical memory (kB) 
                                                                          At begin     Minimum      
                        ----------------------------------------------------------------------------
                        Solver start        14648                         59079064     59079064     
                        Sol.eigenm.probl.   183312                        59047756     58971496     
                        Solver run total    183312                        59073920     58971496     
                      
                        Computer name       DESKTOP-11F60ML
                        ----------------------------------------------------------------------------
                      
                        Mesh generation time     :	1 s
                        Solver time              :	4 s
                          Solve eigenmode problem:	1 s
                      
                        Total time               :	5 s
                      
                      
                      ------------------------------------------------------------------------------
