Unknown:
C:\Users\long\Documents\ml_codes\cst_opt_ga_ex\tmp\tmp0qdq64o0\Result\202506141411310.log
C:\Users\long\Documents\ml_codes\cst_opt_ga_ex\tmp\tmp0qdq64o0\Result\202506141411310.xyz
C:\Users\long\Documents\ml_codes\cst_opt_ga_ex\tmp\tmp0qdq64o0\Result\2025061414113256.log
C:\Users\long\Documents\ml_codes\cst_opt_ga_ex\tmp\tmp0qdq64o0\Result\2025061414113319.log
C:\Users\long\Documents\ml_codes\cst_opt_ga_ex\tmp\tmp0qdq64o0\Result\2025061414113319.xyz
C:\Users\long\Documents\ml_codes\cst_opt_ga_ex\tmp\tmp0qdq64o0\Result\2025061414113481.log
C:\Users\long\Documents\ml_codes\cst_opt_ga_ex\tmp\tmp0qdq64o0\Result\Model.log
C:\Users\long\Documents\ml_codes\cst_opt_ga_ex\tmp\tmp0qdq64o0\Result\Model.mlg
C:\Users\long\Documents\ml_codes\cst_opt_ga_ex\tmp\tmp0qdq64o0\Result\Model.qfr
C:\Users\long\Documents\ml_codes\cst_opt_ga_ex\tmp\tmp0qdq64o0\Result\Model.sa
C:\Users\long\Documents\ml_codes\cst_opt_ga_ex\tmp\tmp0qdq64o0\Result\Postprocessing.log
C:\Users\long\Documents\ml_codes\cst_opt_ga_ex\tmp\tmp0qdq64o0\Result\progress.log
Mesh:
C:\Users\long\Documents\ml_codes\cst_opt_ga_ex\tmp\tmp0qdq64o0\Result\3do.slim
C:\Users\long\Documents\ml_codes\cst_opt_ga_ex\tmp\tmp0qdq64o0\Result\CellNameTo_ML_BGIDMap.tet
C:\Users\long\Documents\ml_codes\cst_opt_ga_ex\tmp\tmp0qdq64o0\Result\Entities2Mesh.tet
C:\Users\long\Documents\ml_codes\cst_opt_ga_ex\tmp\tmp0qdq64o0\Result\log.tet
C:\Users\long\Documents\ml_codes\cst_opt_ga_ex\tmp\tmp0qdq64o0\Result\meshprops.tet
C:\Users\long\Documents\ml_codes\cst_opt_ga_ex\tmp\tmp0qdq64o0\Result\mir.tet
C:\Users\long\Documents\ml_codes\cst_opt_ga_ex\tmp\tmp0qdq64o0\Result\ML_BGID_To_ZStart_Map.tet
C:\Users\long\Documents\ml_codes\cst_opt_ga_ex\tmp\tmp0qdq64o0\Result\moegeom.tet
C:\Users\long\Documents\ml_codes\cst_opt_ga_ex\tmp\tmp0qdq64o0\Result\refedges.tet
C:\Users\long\Documents\ml_codes\cst_opt_ga_ex\tmp\tmp0qdq64o0\Result\refinementparents.tet
C:\Users\long\Documents\ml_codes\cst_opt_ga_ex\tmp\tmp0qdq64o0\Result\reftags.tet
C:\Users\long\Documents\ml_codes\cst_opt_ga_ex\tmp\tmp0qdq64o0\Result\tetquality.tet
C:\Users\long\Documents\ml_codes\cst_opt_ga_ex\tmp\tmp0qdq64o0\Result\topot.tet
Port:
