Unknown:
D:\ML\cst_soo\tmp\tmp9gj5wafn\Result\202404072115190.log
D:\ML\cst_soo\tmp\tmp9gj5wafn\Result\202404072115190.xyz
D:\ML\cst_soo\tmp\tmp9gj5wafn\Result\2024040721152056.log
D:\ML\cst_soo\tmp\tmp9gj5wafn\Result\2024040721152119.log
D:\ML\cst_soo\tmp\tmp9gj5wafn\Result\2024040721152119.xyz
D:\ML\cst_soo\tmp\tmp9gj5wafn\Result\2024040721152281.log
D:\ML\cst_soo\tmp\tmp9gj5wafn\Result\Model.log
D:\ML\cst_soo\tmp\tmp9gj5wafn\Result\Model.mlg
D:\ML\cst_soo\tmp\tmp9gj5wafn\Result\Model.qfr
D:\ML\cst_soo\tmp\tmp9gj5wafn\Result\Model.sa
D:\ML\cst_soo\tmp\tmp9gj5wafn\Result\Postprocessing.log
D:\ML\cst_soo\tmp\tmp9gj5wafn\Result\progress.log
Mesh:
D:\ML\cst_soo\tmp\tmp9gj5wafn\Result\3do.slim
D:\ML\cst_soo\tmp\tmp9gj5wafn\Result\bad0.tet
D:\ML\cst_soo\tmp\tmp9gj5wafn\Result\CellNameTo_ML_BGIDMap.tet
D:\ML\cst_soo\tmp\tmp9gj5wafn\Result\Entities2Mesh.tet
D:\ML\cst_soo\tmp\tmp9gj5wafn\Result\log.tet
D:\ML\cst_soo\tmp\tmp9gj5wafn\Result\meshprops.tet
D:\ML\cst_soo\tmp\tmp9gj5wafn\Result\mir.tet
D:\ML\cst_soo\tmp\tmp9gj5wafn\Result\ML_BGID_To_ZStart_Map.tet
D:\ML\cst_soo\tmp\tmp9gj5wafn\Result\moegeom.tet
D:\ML\cst_soo\tmp\tmp9gj5wafn\Result\refedges.tet
D:\ML\cst_soo\tmp\tmp9gj5wafn\Result\refinementparents.tet
D:\ML\cst_soo\tmp\tmp9gj5wafn\Result\reftags.tet
D:\ML\cst_soo\tmp\tmp9gj5wafn\Result\tetquality.tet
D:\ML\cst_soo\tmp\tmp9gj5wafn\Result\topot.tet
Port:
